[    0.000000] Initializing cgroup subsys cpuset
[    0.000000] Initializing cgroup subsys cpu
[    0.000000] Initializing cgroup subsys cpuacct
[    0.000000] Linux version 4.4.0-141-generic (buildd@lcy01-amd64-027) (gcc version 5.4.0 20160609 (Ubuntu 5.4.0-6ubuntu1~16.04.10) ) #167-Ubuntu SMP Wed Dec 5 10:38:08 UTC 2018 (Ubuntu 4.4.0-141.167-generic 4.4.162)
[    0.000000] KERNEL supported cpus:
[    0.000000]   Intel GenuineIntel
[    0.000000]   AMD AuthenticAMD
[    0.000000]   NSC Geode by NSC
[    0.000000]   Cyrix CyrixInstead
[    0.000000]   Centaur CentaurHauls
[    0.000000]   Transmeta GenuineTMx86
[    0.000000]   Transmeta TransmetaCPU
[    0.000000]   UMC UMC UMC UMC
[    0.000000] x86/fpu: xstate_offset[2]:  576, xstate_sizes[2]:  256
[    0.000000] x86/fpu: Supporting XSAVE feature 0x01: 'x87 floating point registers'
[    0.000000] x86/fpu: Supporting XSAVE feature 0x02: 'SSE registers'
[    0.000000] x86/fpu: Supporting XSAVE feature 0x04: 'AVX registers'
[    0.000000] x86/fpu: Enabled xstate features 0x7, context size is 832 bytes, using 'standard' format.
[    0.000000] e820: BIOS-provided physical RAM map:
[    0.000000] BIOS-e820: [mem 0x0000000000000000-0x000000000009fbff] usable
[    0.000000] BIOS-e820: [mem 0x000000000009fc00-0x000000000009ffff] reserved
[    0.000000] BIOS-e820: [mem 0x00000000000f0000-0x00000000000fffff] reserved
[    0.000000] BIOS-e820: [mem 0x0000000000100000-0x000000001ffeffff] usable
[    0.000000] BIOS-e820: [mem 0x000000001fff0000-0x000000001fffffff] ACPI data
[    0.000000] BIOS-e820: [mem 0x00000000fec00000-0x00000000fec00fff] reserved
[    0.000000] BIOS-e820: [mem 0x00000000fee00000-0x00000000fee00fff] reserved
[    0.000000] BIOS-e820: [mem 0x00000000fffc0000-0x00000000ffffffff] reserved
[    0.000000] NX (Execute Disable) protection: active
[    0.000000] SMBIOS 2.5 present.
[    0.000000] Hypervisor detected: KVM
[    0.000000] e820: last_pfn = 0x1fff0 max_arch_pfn = 0x1000000
[    0.000000] MTRR: Disabled
[    0.000000] x86/PAT: MTRRs disabled, skipping PAT initialization too.
[    0.000000] CPU MTRRs all blank - virtualized system.
[    0.000000] x86/PAT: Configuration [0-7]: WB  WT  UC- UC  WB  WT  UC- UC  
[    0.000000] found SMP MP-table at [mem 0x0009fff0-0x0009ffff] mapped at [c009fff0]
[    0.000000] Scanning 1 areas for low memory corruption
[    0.000000] RAMDISK: [mem 0x1e8f6000-0x1f760fff]
[    0.000000] ACPI: Early table checksum verification disabled
[    0.000000] ACPI: RSDP 0x00000000000E0000 000024 (v02 VBOX  )
[    0.000000] ACPI: XSDT 0x000000001FFF0030 00003C (v01 VBOX   VBOXXSDT 00000001 ASL  00000061)
[    0.000000] ACPI: FACP 0x000000001FFF00F0 0000F4 (v04 VBOX   VBOXFACP 00000001 ASL  00000061)
[    0.000000] ACPI: DSDT 0x000000001FFF0470 0021FF (v02 VBOX   VBOXBIOS 00000002 INTL 20100528)
[    0.000000] ACPI: FACS 0x000000001FFF0200 000040
[    0.000000] ACPI: FACS 0x000000001FFF0200 000040
[    0.000000] ACPI: APIC 0x000000001FFF0240 000054 (v02 VBOX   VBOXAPIC 00000001 ASL  00000061)
[    0.000000] ACPI: SSDT 0x000000001FFF02A0 0001CC (v01 VBOX   VBOXCPUT 00000002 INTL 20100528)
[    0.000000] 0MB HIGHMEM available.
[    0.000000] 511MB LOWMEM available.
[    0.000000]   mapped low ram: 0 - 1fff0000
[    0.000000]   low ram: 0 - 1fff0000
[    0.000000] kvm-clock: Using msrs 4b564d01 and 4b564d00
[    0.000000] kvm-clock: cpu 0, msr 0:1ffef001, primary cpu clock
[    0.000000] kvm-clock: using sched offset of 10606583420 cycles
[    0.000000] clocksource: kvm-clock: mask: 0xffffffffffffffff max_cycles: 0x1cd42e4dffb, max_idle_ns: 881590591483 ns
[    0.000000] Zone ranges:
[    0.000000]   DMA      [mem 0x0000000000001000-0x0000000000ffffff]
[    0.000000]   Normal   [mem 0x0000000001000000-0x000000001ffeffff]
[    0.000000]   HighMem  empty
[    0.000000] Movable zone start for each node
[    0.000000] Early memory node ranges
[    0.000000]   node   0: [mem 0x0000000000001000-0x000000000009efff]
[    0.000000]   node   0: [mem 0x0000000000100000-0x000000001ffeffff]
[    0.000000] Initmem setup node 0 [mem 0x0000000000001000-0x000000001ffeffff]
[    0.000000] Using APIC driver default
[    0.000000] ACPI: PM-Timer IO Port: 0x4008
[    0.000000] IOAPIC[0]: apic_id 1, version 32, address 0xfec00000, GSI 0-23
[    0.000000] ACPI: INT_SRC_OVR (bus 0 bus_irq 0 global_irq 2 dfl dfl)
[    0.000000] ACPI: INT_SRC_OVR (bus 0 bus_irq 9 global_irq 9 low level)
[    0.000000] Using ACPI (MADT) for SMP configuration information
[    0.000000] smpboot: Allowing 1 CPUs, 0 hotplug CPUs
[    0.000000] PM: Registered nosave memory: [mem 0x00000000-0x00000fff]
[    0.000000] PM: Registered nosave memory: [mem 0x0009f000-0x0009ffff]
[    0.000000] PM: Registered nosave memory: [mem 0x000a0000-0x000effff]
[    0.000000] PM: Registered nosave memory: [mem 0x000f0000-0x000fffff]
[    0.000000] e820: [mem 0x20000000-0xfebfffff] available for PCI devices
[    0.000000] Booting paravirtualized kernel on KVM
[    0.000000] clocksource: refined-jiffies: mask: 0xffffffff max_cycles: 0xffffffff, max_idle_ns: 7645519600211568 ns
[    0.000000] setup_percpu: NR_CPUS:8 nr_cpumask_bits:8 nr_cpu_ids:1 nr_node_ids:1
[    0.000000] PERCPU: Embedded 19 pages/cpu @dfac1000 s47436 r0 d30388 u77824
[    0.000000] PV qspinlock hash table entries: 512 (order: 0, 4096 bytes)
[    0.000000] Built 1 zonelists in Zone order, mobility grouping on.  Total pages: 129678
[    0.000000] Kernel command line: BOOT_IMAGE=/boot/vmlinuz-4.4.0-141-generic root=UUID=dcc58471-b547-4f3b-b5c9-0d863e3419a7 ro console=tty1 console=ttyS0
[    0.000000] PID hash table entries: 2048 (order: 1, 8192 bytes)
[    0.000000] Dentry cache hash table entries: 65536 (order: 6, 262144 bytes)
[    0.000000] Inode-cache hash table entries: 32768 (order: 5, 131072 bytes)
[    0.000000] Initializing CPU#0
[    0.000000] Initializing HighMem for node 0 (00000000:00000000)
[    0.000000] Memory: 489392K/523832K available (8052K kernel code, 778K rwdata, 3180K rodata, 952K init, 800K bss, 34440K reserved, 0K cma-reserved, 0K highmem)
[    0.000000] virtual kernel memory layout:
[    0.000000]     fixmap  : 0xfff15000 - 0xfffff000   ( 936 kB)
[    0.000000]     pkmap   : 0xffc00000 - 0xffe00000   (2048 kB)
[    0.000000]     vmalloc : 0xe07f0000 - 0xffbfe000   ( 500 MB)
[    0.000000]     lowmem  : 0xc0000000 - 0xdfff0000   ( 511 MB)
[    0.000000]       .init : 0xc1bbe000 - 0xc1cac000   ( 952 kB)
[    0.000000]       .data : 0xc17dd3c4 - 0xc1bbc9c0   (3965 kB)
[    0.000000]       .text : 0xc1000000 - 0xc17dd3c4   (8052 kB)
[    0.000000] Checking if this processor honours the WP bit even in supervisor mode...Ok.
[    0.000000] SLUB: HWalign=64, Order=0-3, MinObjects=0, CPUs=1, Nodes=1
[    0.000000] Hierarchical RCU implementation.
[    0.000000] 	Build-time adjustment of leaf fanout to 32.
[    0.000000] 	RCU restricting CPUs from NR_CPUS=8 to nr_cpu_ids=1.
[    0.000000] RCU: Adjusting geometry for rcu_fanout_leaf=32, nr_cpu_ids=1
[    0.000000] NR_IRQS:2304 nr_irqs:256 16
[    0.000000] Console: colour VGA+ 80x25
[    0.000000] console [tty1] enabled
[    0.000000] console [ttyS0] enabled
[    0.000000] allocated 524288 bytes of page_ext
[    0.000000] tsc: Detected 1296.999 MHz processor
[    0.988297] Calibrating delay loop (skipped) preset value.. 2593.99 BogoMIPS (lpj=5187996)
[    1.001324] pid_max: default: 32768 minimum: 301
[    1.004760] ACPI: Core revision 20150930
[    1.018110] ACPI: 2 ACPI AML tables successfully acquired and loaded
[    1.024291] Security Framework initialized
[    1.029494] Yama: becoming mindful.
[    1.033486] AppArmor: AppArmor initialized
[    1.037057] Mount-cache hash table entries: 1024 (order: 0, 4096 bytes)
[    1.042485] Mountpoint-cache hash table entries: 1024 (order: 0, 4096 bytes)
[    1.059650] Initializing cgroup subsys io
[    1.063011] Initializing cgroup subsys memory
[    1.066728] Initializing cgroup subsys devices
[    1.070718] Initializing cgroup subsys freezer
[    1.075045] Initializing cgroup subsys net_cls
[    1.078535] Initializing cgroup subsys perf_event
[    1.081999] Initializing cgroup subsys net_prio
[    1.085239] Initializing cgroup subsys hugetlb
[    1.091259] Initializing cgroup subsys pids
[    1.099471] mce: CPU supports 0 MCE banks
[    1.104945] process: using mwait in idle threads
[    1.111404] Last level iTLB entries: 4KB 64, 2MB 8, 4MB 8
[    1.115951] Last level dTLB entries: 4KB 64, 2MB 0, 4MB 0, 1GB 4
[    1.129663] Spectre V2 : Mitigation: Full generic retpoline
[    1.135049] Spectre V2 : Spectre v2 mitigation: Speculation control IBPB not-supported IBRS not-supported
[    1.142110] Spectre V2 : Spectre v2 / SpectreRSB mitigation: Filling RSB on context switch
[    1.157717] Speculative Store Bypass: Vulnerable
[    1.255124] Freeing SMP alternatives memory: 32K
[    1.288855] ftrace: allocating 31566 entries in 62 pages
[    1.540800] smpboot: APIC(0) Converting physical 0 to logical package 0
[    1.548773] smpboot: Max logical packages: 1
[    1.563865] Enabling APIC mode:  Flat.  Using 1 I/O APICs
[    1.574602] ..TIMER: vector=0x30 apic1=0 pin1=2 apic2=-1 pin2=-1
[    1.689721] APIC calibration not consistent with PM-Timer: 103ms instead of 100ms
[    1.697356] APIC delta adjusted to PM-Timer: 6245543 (6473169)
[    1.701852] smpboot: CPU0: Intel(R) Processor 5Y70 CPU @ 1.10GHz (family: 0x6, model: 0x3d, stepping: 0x4)
[    1.718415] Performance Events: unsupported p6 CPU model 61 no PMU driver, software events only.
[    1.727622] KVM setup paravirtual spinlock
[    1.734001] x86: Booted up 1 node, 1 CPUs
[    1.737927] smpboot: Total of 1 processors activated (2593.99 BogoMIPS)
[    1.753980] devtmpfs: initialized
[    1.758403] evm: security.selinux
[    1.763178] evm: security.SMACK64
[    1.766095] evm: security.SMACK64EXEC
[    1.769103] evm: security.SMACK64TRANSMUTE
[    1.772535] evm: security.SMACK64MMAP
[    1.777291] evm: security.ima
[    1.780958] evm: security.capability
[    1.785842] clocksource: jiffies: mask: 0xffffffff max_cycles: 0xffffffff, max_idle_ns: 7645041785100000 ns
[    1.795682] futex hash table entries: 256 (order: 2, 16384 bytes)
[    1.804957] pinctrl core: initialized pinctrl subsystem
[    1.812959] RTC time: 10:18:14, date: 01/06/19
[    1.819357] NET: Registered protocol family 16
[    1.825060] EISA bus registered
[    1.828606] cpuidle: using governor ladder
[    1.832367] cpuidle: using governor menu
[    1.836001] PCCT header not found.
[    1.840286] ACPI: bus type PCI registered
[    1.846677] acpiphp: ACPI Hot Plug PCI Controller Driver version: 0.5
[    1.863946] PCI : PCI BIOS area is rw and x. Use pci=nobios if you want it NX.
[    1.870915] PCI: PCI BIOS revision 2.10 entry at 0xfda26, last bus=0
[    1.876540] PCI: Using configuration type 1 for base access
[    1.904944] ACPI: Added _OSI(Module Device)
[    1.909679] ACPI: Added _OSI(Processor Device)
[    1.913236] ACPI: Added _OSI(3.0 _SCP Extensions)
[    1.917036] ACPI: Added _OSI(Processor Aggregator Device)
[    1.954115] ACPI: Executed 1 blocks of module-level executable AML code
[    1.987828] ACPI: Interpreter enabled
[    1.991284] ACPI: (supports S0 S5)
[    2.015229] ACPI: Using IOAPIC for interrupt routing
[    2.111350] PCI: Using host bridge windows from ACPI; if necessary, use "pci=nocrs" and report a bug
[    2.243249] ACPI: PCI Root Bridge [PCI0] (domain 0000 [bus 00-ff])
[    2.255421] acpi PNP0A03:00: _OSC: OS supports [ASPM ClockPM Segments MSI]
[    2.280313] acpi PNP0A03:00: _OSC: not requesting OS control; OS requires [ExtendedConfig ASPM ClockPM MSI]
[    2.308316] acpi PNP0A03:00: fail to add MMCONFIG information, can't access extended PCI configuration space under this bridge.
[    2.342740] PCI host bridge to bus 0000:00
[    2.350538] pci_bus 0000:00: root bus resource [io  0x0000-0x0cf7 window]
[    2.359869] pci_bus 0000:00: root bus resource [io  0x0d00-0xffff window]
[    2.367631] pci_bus 0000:00: root bus resource [mem 0x000a0000-0x000bffff window]
[    2.376303] pci_bus 0000:00: root bus resource [mem 0x20000000-0xfdffffff window]
[    2.390727] pci_bus 0000:00: root bus resource [bus 00-ff]
[    2.414882] pci 0000:00:01.1: legacy IDE quirk: reg 0x10: [io  0x01f0-0x01f7]
[    2.421214] pci 0000:00:01.1: legacy IDE quirk: reg 0x14: [io  0x03f6]
[    2.427085] pci 0000:00:01.1: legacy IDE quirk: reg 0x18: [io  0x0170-0x0177]
[    2.433908] pci 0000:00:01.1: legacy IDE quirk: reg 0x1c: [io  0x0376]
[    2.527803] pci 0000:00:07.0: quirk: [io  0x4000-0x403f] claimed by PIIX4 ACPI
[    2.536102] pci 0000:00:07.0: quirk: [io  0x4100-0x410f] claimed by PIIX4 SMB
[    2.608158] ACPI: PCI Interrupt Link [LNKA] (IRQs 5 9 10 *11)
[    2.620951] ACPI: PCI Interrupt Link [LNKB] (IRQs 5 9 *10 11)
[    2.635056] ACPI: PCI Interrupt Link [LNKC] (IRQs 5 *9 10 11)
[    2.647768] ACPI: PCI Interrupt Link [LNKD] (IRQs 5 9 10 *11)
[    2.655166] ACPI: Enabled 2 GPEs in block 00 to 07
[    2.660860] vgaarb: setting as boot device: PCI:0000:00:02.0
[    2.665684] vgaarb: device added: PCI:0000:00:02.0,decodes=io+mem,owns=io+mem,locks=none
[    2.676001] vgaarb: loaded
[    2.679609] vgaarb: bridge control possible 0000:00:02.0
[    2.687443] SCSI subsystem initialized
[    2.692126] ACPI: bus type USB registered
[    2.696495] usbcore: registered new interface driver usbfs
[    2.716073] usbcore: registered new interface driver hub
[    2.720774] usbcore: registered new device driver usb
[    2.726447] PCI: Using ACPI for IRQ routing
[    2.732357] NetLabel: Initializing
[    2.737890] NetLabel:  domain hash size = 128
[    2.745709] NetLabel:  protocols = UNLABELED CIPSOv4
[    2.755830] NetLabel:  unlabeled traffic allowed by default
[    2.770970] amd_nb: Cannot enumerate AMD northbridges
[    2.780135] clocksource: Switched to clocksource kvm-clock
[    2.831720] AppArmor: AppArmor Filesystem Enabled
[    2.836003] pnp: PnP ACPI init
[    2.844471] pnp: PnP ACPI: found 3 devices
[    2.847739] PnPBIOS: Disabled by ACPI PNP
[    2.897177] PM-Timer running at invalid rate: 109% of normal - aborting.
[    2.903757] NET: Registered protocol family 2
[    2.908104] TCP established hash table entries: 4096 (order: 2, 16384 bytes)
[    2.913379] TCP bind hash table entries: 4096 (order: 3, 32768 bytes)
[    2.918732] TCP: Hash tables configured (established 4096 bind 4096)
[    2.939642] UDP hash table entries: 256 (order: 1, 8192 bytes)
[    2.953394] UDP-Lite hash table entries: 256 (order: 1, 8192 bytes)
[    2.959075] NET: Registered protocol family 1
[    2.967048] pci 0000:00:00.0: Limiting direct PCI/PCI transfers
[    2.973558] pci 0000:00:01.0: Activating ISA DMA hang workarounds
[    2.978867] Unpacking initramfs...
[    4.726353] Freeing initrd memory: 14764K
[    4.730600] RAPL PMU detected, API unit is 2^-32 Joules, 4 fixed counters 10737418240 ms ovfl timer
[    4.738125] hw unit of domain pp0-core 2^-0 Joules
[    4.753946] hw unit of domain package 2^-0 Joules
[    4.757742] hw unit of domain dram 2^-0 Joules
[    4.761342] hw unit of domain pp1-gpu 2^-0 Joules
[    4.765555] platform rtc_cmos: registered platform RTC device (no PNP device found)
[    4.771799] Scanning for low memory corruption every 60 seconds
[    4.778172] audit: initializing netlink subsys (disabled)
[    4.792674] audit: type=2000 audit(1546769907.491:1): initialized
[    4.798619] Initialise system trusted keyring
[    4.802689] HugeTLB registered 2 MB page size, pre-allocated 0 pages
[    4.822845] zbud: loaded
[    4.832751] VFS: Disk quotas dquot_6.6.0
[    4.837133] VFS: Dquot-cache hash table entries: 1024 (order 0, 4096 bytes)
[    4.871524] squashfs: version 4.0 (2009/01/31) Phillip Lougher
[    4.878693] fuse init (API version 7.23)
[    4.882939] Key type big_key registered
[    4.886109] Allocating IMA MOK and blacklist keyrings.
[    4.891540] Key type asymmetric registered
[    4.928422] Asymmetric key parser 'x509' registered
[    4.935756] bounce: pool size: 64 pages
[    4.947728] Block layer SCSI generic (bsg) driver version 0.4 loaded (major 249)
[    4.954363] io scheduler noop registered
[    4.963248] io scheduler deadline registered (default)
[    4.967892] io scheduler cfq registered
[    4.972738] pci_hotplug: PCI Hot Plug PCI Core version: 0.5
[    4.979755] pciehp: PCI Express Hot Plug Controller Driver version: 0.4
[    4.992386] ACPI: AC Adapter [AC] (off-line)
[    4.997778] input: Power Button as /devices/LNXSYSTM:00/LNXPWRBN:00/input/input0
[    5.007255] ACPI: Power Button [PWRF]
[    5.014461] input: Sleep Button as /devices/LNXSYSTM:00/LNXSLPBN:00/input/input1
[    5.021025] ACPI: Sleep Button [SLPF]
[    5.028665] GHES: HEST is not enabled!
[    5.033577] ACPI: Battery Slot [BAT0] (battery present)
[    5.050131] isapnp: Scanning for PnP cards...
[    5.065912] Serial: 8250/16550 driver, 32 ports, IRQ sharing enabled
[    5.159565] 00:02: ttyS0 at I/O 0x3f8 (irq = 4, base_baud = 115200) is a 16550A
[    5.175977] Linux agpgart interface v0.103
[    5.240881] loop: module loaded
[    5.248902] scsi host0: ata_piix
[    5.251931] scsi host1: ata_piix
[    5.257490] ata1: PATA max UDMA/33 cmd 0x1f0 ctl 0x3f6 bmdma 0xd000 irq 14
[    5.264658] ata2: PATA max UDMA/33 cmd 0x170 ctl 0x376 bmdma 0xd008 irq 15
[    5.327194] libphy: Fixed MDIO Bus: probed
[    5.330822] tun: Universal TUN/TAP device driver, 1.6
[    5.334805] tun: (C) 1999-2004 Max Krasnyansky <maxk@qualcomm.com>
[    5.339873] PPP generic driver version 2.4.2
[    5.349663] ehci_hcd: USB 2.0 'Enhanced' Host Controller (EHCI) Driver
[    5.354577] ehci-pci: EHCI PCI platform driver
[    5.358697] ehci-platform: EHCI generic platform driver
[    5.363261] ohci_hcd: USB 1.1 'Open' Host Controller (OHCI) Driver
[    5.368139] ohci-pci: OHCI PCI platform driver
[    5.371826] ohci-platform: OHCI generic platform driver
[    5.376156] uhci_hcd: USB Universal Host Controller Interface driver
[    5.381292] i8042: PNP: PS/2 Controller [PNP0303:PS2K,PNP0f03:PS2M] at 0x60,0x64 irq 1,12
[    5.441927] serio: i8042 KBD port at 0x60,0x64 irq 1
[    5.453748] serio: i8042 AUX port at 0x60,0x64 irq 12
[    5.458829] mousedev: PS/2 mouse device common for all mice
[    5.464624] input: AT Translated Set 2 keyboard as /devices/platform/i8042/serio0/input/input2
[    5.472323] rtc_cmos rtc_cmos: rtc core: registered rtc_cmos as rtc0
[    5.477896] rtc_cmos rtc_cmos: alarms up to one day, 114 bytes nvram
[    5.482700] i2c /dev entries driver
[    5.486550] device-mapper: uevent: version 1.0.3
[    5.491004] device-mapper: ioctl: 4.34.0-ioctl (2015-10-28) initialised: dm-devel@redhat.com
[    5.545715] platform eisa.0: Probing EISA bus 0
[    5.549570] platform eisa.0: EISA: Cannot allocate resource for mainboard
[    5.554459] platform eisa.0: Cannot allocate resource for EISA slot 1
[    5.560893] platform eisa.0: Cannot allocate resource for EISA slot 2
[    5.568404] platform eisa.0: Cannot allocate resource for EISA slot 3
[    5.574092] platform eisa.0: Cannot allocate resource for EISA slot 4
[    5.581616] platform eisa.0: Cannot allocate resource for EISA slot 5
[    5.586480] platform eisa.0: Cannot allocate resource for EISA slot 6
[    5.643513] platform eisa.0: Cannot allocate resource for EISA slot 7
[    5.651022] platform eisa.0: Cannot allocate resource for EISA slot 8
[    5.656038] platform eisa.0: EISA: Detected 0 cards
[    5.661565] cpufreq-nforce2: No nForce2 chipset.
[    5.665501] ledtrig-cpu: registered to indicate activity on CPUs
[    5.671043] NET: Registered protocol family 10
[    5.675130] NET: Registered protocol family 17
[    5.679575] Key type dns_resolver registered
[    5.684910] Using IPI No-Shortcut mode
[    5.741478] registered taskstats version 1
[    5.745303] Loading compiled-in X.509 certificates
[    5.757873] Loaded X.509 cert 'Build time autogenerated kernel key: 8ee7231a1e42e4b4a17d0e4b95c66ffe15d3b32e'
[    5.765483] clocksource: tsc: mask: 0xffffffffffffffff max_cycles: 0x12b20b0b4c8, max_idle_ns: 440795224202 ns
[    5.773460] zswap: loaded using pool lzo/zbud
[    5.784491] Key type trusted registered
[    5.844455] isapnp: No Plug & Play device found
[    5.860421] Key type encrypted registered
[    5.865152] AppArmor: AppArmor sha1 policy hashing enabled
[    5.870692] ima: No TPM chip found, activating TPM-bypass!
[    5.875140] ima: Allocated hash algorithm: sha1
[    5.878875] evm: HMAC attrs: 0x1
[    5.883052]   Magic number: 3:748:324
[    5.886674] tty tty49: hash matches
[    5.889784] acpi PNP0B00:00: hash matches
[    5.893745] rtc_cmos rtc_cmos: setting system clock to 2019-01-06 10:18:18 UTC (1546769898)
[    5.901010] BIOS EDD facility v0.16 2004-Jun-25, 0 devices found
[    5.905530] EDD information not available.
[    5.912029] Freeing unused kernel memory: 952K
[    5.924758] Write protecting the kernel text: 8056k
[    5.930125] Write protecting the kernel read-only data: 3184k
[    5.934543] NX-protecting the kernel data: 6280k
Loading, please wait...
starting version 229
[    5.998655] random: systemd-udevd: uninitialized urandom read (16 bytes read, 4 bits of entropy available)
[    6.007381] random: udevadm: uninitialized urandom read (16 bytes read, 4 bits of entropy available)
[    6.062307] random: systemd-udevd: uninitialized urandom read (16 bytes read, 4 bits of entropy available)
[    6.072837] random: systemd-udevd: uninitialized urandom read (16 bytes read, 4 bits of entropy available)
[    6.168759] random: udevadm: uninitialized urandom read (16 bytes read, 4 bits of entropy available)
[    6.184584] random: udevadm: uninitialized urandom read (16 bytes read, 4 bits of entropy available)
[    6.204883] random: udevadm: uninitialized urandom read (16 bytes read, 4 bits of entropy available)
[    6.227686] random: udevadm: uninitialized urandom read (16 bytes read, 4 bits of entropy available)
[    6.242903] random: udevadm: uninitialized urandom read (16 bytes read, 4 bits of entropy available)
[    6.258101] random: udevadm: uninitialized urandom read (16 bytes read, 4 bits of entropy available)
[    6.768467] e1000: Intel(R) PRO/1000 Network Driver - version 7.3.21-k8-NAPI
[    6.778540] e1000: Copyright (c) 1999-2006 Intel Corporation.
[    6.810570] Fusion MPT base driver 3.04.20
[    6.816487] Copyright (c) 1999-2008 LSI Corporation
[    7.083137] input: ImExPS/2 Generic Explorer Mouse as /devices/platform/i8042/serio1/input/input4
[    7.187947] Fusion MPT SPI Host driver 3.04.20
[    7.918469] e1000 0000:00:03.0 eth0: (PCI:33MHz:32-bit) 02:9d:41:38:04:50
[    7.924217] e1000 0000:00:03.0 eth0: Intel(R) PRO/1000 Network Connection
[    7.931908] mptbase: ioc0: Initiating bringup
[    7.996780] ioc0: LSI53C1030 A0: Capabilities={Initiator}
[    8.167335] scsi host2: ioc0: LSI53C1030 A0, FwRev=00000000h, Ports=1, MaxQ=256, IRQ=20
[    8.295852] scsi 2:0:0:0: Direct-Access     VBOX     HARDDISK         1.0  PQ: 0 ANSI: 5
[    8.302055] scsi target2:0:0: Beginning Domain Validation
[    8.308441] scsi target2:0:0: Domain Validation skipping write tests
[    8.313010] scsi target2:0:0: Ending Domain Validation
[    8.317850] scsi target2:0:0: asynchronous
[    8.351864] scsi 2:0:1:0: Direct-Access     VBOX     HARDDISK         1.0  PQ: 0 ANSI: 5
[    8.364753] scsi target2:0:1: Beginning Domain Validation
[    8.454656] scsi target2:0:1: Domain Validation skipping write tests
[    8.458775] scsi target2:0:1: Ending Domain Validation
[    8.462537] scsi target2:0:1: asynchronous
[    8.653274] sd 2:0:0:0: Attached scsi generic sg0 type 0
[    8.656780] sd 2:0:0:0: [sda] 20971520 512-byte logical blocks: (10.7 GB/10.0 GiB)
[    8.663210] sd 2:0:1:0: [sdb] 20480 512-byte logical blocks: (10.5 MB/10.0 MiB)
[    8.668346] sd 2:0:1:0: Attached scsi generic sg1 type 0
[    8.672284] sd 2:0:0:0: [sda] Write Protect is off
[    8.677839] sd 2:0:1:0: [sdb] Write Protect is off
[    8.687564] sd 2:0:0:0: [sda] Incomplete mode parameter data
[    8.691445] sd 2:0:0:0: [sda] Assuming drive cache: write through
[    8.695414] sd 2:0:1:0: [sdb] Incomplete mode parameter data
[    8.699134] sd 2:0:1:0: [sdb] Assuming drive cache: write through
[    8.724276]  sda: sda1
[    8.728406] sd 2:0:0:0: [sda] Attached SCSI disk
[    8.731899] sd 2:0:1:0: [sdb] Attached SCSI disk
[    8.958219] e1000 0000:00:08.0 eth1: (PCI:33MHz:32-bit) 08:00:27:a7:73:94
[    8.963427] e1000 0000:00:08.0 eth1: Intel(R) PRO/1000 Network Connection
[    8.971582] e1000 0000:00:03.0 enp0s3: renamed from eth0
[    8.978501] e1000 0000:00:08.0 enp0s8: renamed from eth1
Begin: Loading essential drivers ... [   11.443597] md: linear personality registered for level -1
[   11.459939] md: multipath personality registered for level -4
[   11.477091] md: raid0 personality registered for level 0
[   11.495789] md: raid1 personality registered for level 1
[   11.588542] raid6: mmxx1    gen()   824 MB/s
[   11.656440] raid6: mmxx2    gen()  1260 MB/s
[   11.724787] raid6: sse1x1   gen()   632 MB/s
[   11.796752] raid6: sse1x2   gen()  1021 MB/s
[   11.868548] raid6: sse2x1   gen()  1251 MB/s
[   11.936408] raid6: sse2x1   xor()   810 MB/s
[   12.004268] raid6: sse2x2   gen()  2511 MB/s
[   12.072415] raid6: sse2x2   xor()  1478 MB/s
[   12.140528] raid6: avx2x1   gen()  3309 MB/s
[   12.208417] raid6: avx2x2   gen()  4779 MB/s
[   12.211525] raid6: using algorithm avx2x2 gen() 4779 MB/s
[   12.215366] raid6: using avx2x1 recovery algorithm
[   12.229452] xor: automatically using best checksumming function:
[   12.268275]    avx       : 10151.000 MB/sec
[   12.278912] async_tx: api initialized (async)
[   12.333371] md: raid6 personality registered for level 6
[   12.336965] md: raid5 personality registered for level 5
[   12.347614] md: raid4 personality registered for level 4
[   12.372682] md: raid10 personality registered for level 10
done.
Begin: Running /scripts/init-premount ... done.
Begin: Mounting root file system ... Begin: Running /scripts/local-top ... done.
Begin: Running /scripts/local-premount ... [   12.507240] Btrfs loaded
Scanning for Btrfs filesystems
done.
Warning: fsck not present, so skipping root file system
[   12.581219] EXT4-fs (sda1): INFO: recovery required on readonly filesystem
[   12.585365] EXT4-fs (sda1): write access will be enabled during recovery
[   12.723525] EXT4-fs (sda1): orphan cleanup on readonly fs
[   12.727708] EXT4-fs (sda1): 6 orphan inodes deleted
[   12.731624] EXT4-fs (sda1): recovery complete
[   12.736453] EXT4-fs (sda1): mounted filesystem with ordered data mode. Opts: (null)
done.
Begin: Running /scripts/local-bottom ... done.
Begin: Running /scripts/init-bottom ... done.
[   12.986734] systemd[1]: systemd 229 running in system mode. (+PAM +AUDIT +SELINUX +IMA +APPARMOR +SMACK +SYSVINIT +UTMP +LIBCRYPTSETUP +GCRYPT +GNUTLS +ACL +XZ -LZ4 +SECCOMP +BLKID +ELFUTILS +KMOD -IDN)
[   13.002427] systemd[1]: Detected virtualization oracle.
[   13.006419] systemd[1]: Detected architecture x86.

Welcome to [1mUbuntu 16.04.5 LTS[0m!

[   13.019198] systemd[1]: Set hostname to <kouosl>.
[   13.225504] random: nonblocking pool is initialized
[   13.404326] systemd[1]: Created slice System Slice.
[[0;32m  OK  [0m] Created slice System Slice.
[   13.412113] systemd[1]: Listening on udev Control Socket.
[[0;32m  OK  [0m] Listening on udev Control Socket.
[   13.420754] systemd[1]: Listening on Journal Socket (/dev/log).
[[0;32m  OK  [0m] Listening on Journal Socket (/dev/log).
[   13.428506] systemd[1]: Listening on /dev/initctl Compatibility Named Pipe.
[[0;32m  OK  [0m] Listening on /dev/initctl Compatibility Named Pipe.
[   13.438307] systemd[1]: Created slice system-serial\x2dgetty.slice.
[[0;32m  OK  [0m] Created slice system-serial\x2dgetty.slice.
[   13.447270] systemd[1]: Set up automount Arbitrary Executable File Formats File System Automount Point.
[[0;32m  OK  [0m] Set up automount Arbitrary Executab...ats File System Automount Point.
[   13.459375] systemd[1]: Listening on Device-mapper event daemon FIFOs.
[[0;32m  OK  [0m] Listening on Device-mapper event daemon FIFOs.
[   13.468962] systemd[1]: Reached target System Time Synchronized.
[[0;32m  OK  [0m] Reached target System Time Synchronized.
[   13.478501] systemd[1]: Listening on Journal Socket.
[[0;32m  OK  [0m] Listening on Journal Socket.
[   13.492053] systemd[1]: Mounting Huge Pages File System...
         Mounting Huge Pages File System...
[   13.514333] systemd[1]: Starting Set console keymap...
         Starting Set console keymap...
[   13.539075] systemd[1]: Starting Remount Root and Kernel File Systems...
         Starting Remount Root and Kernel File Systems...
[   13.564550] systemd[1]: Started Trigger resolvconf update for networkd DNS.
[   13.572038] EXT4-fs (sda1): re-mounted. Opts: (null)
[[0;32m  OK  [0m] Started Trigger resolvconf update for networkd DNS.
[   13.589696] systemd[1]: Starting Create list of required static device nodes for the current kernel...
         Starting Create list of required st... nodes for the current kernel...
[   13.618913] systemd[1]: Reached target User and Group Name Lookups.
[[0;32m  OK  [0m] Reached target User and Group Name Lookups.
[   13.632566] systemd[1]: Reached target Encrypted Volumes.
[[0;32m  OK  [0m] Reached target Encrypted Volumes.
[   13.655001] systemd[1]: Starting Uncomplicated firewall...
         Starting Uncomplicated firewall...
[   13.675384] systemd[1]: Mounting POSIX Message Queue File System...
         Mounting POSIX Message Queue File System...
[   13.704223] systemd[1]: Mounting Debug File System...
         Mounting Debug File System...
[   13.722280] systemd[1]: Starting Nameserver information manager...
         Starting Nameserver information manager...
[   13.745041] systemd[1]: Listening on LVM2 metadata daemon socket.
[[0;32m  OK  [0m] Listening on LVM2 metadata daemon socket.
[   13.762407] systemd[1]: Starting Monitoring of LVM2 mirrors, snapshots etc. using dmeventd or progress polling...
         Starting Monitoring of LVM2 mirrors... dmeventd or progress polling...
[   13.788669] systemd[1]: Listening on Syslog Socket.
[[0;32m  OK  [0m] Listening on Syslog Socket.
[   13.805075] systemd[1]: Started Forward Password Requests to Wall Directory Watch.
[[0;32m  OK  [0m] Started Forward Password Requests to Wall Directory Watch.
[   13.825389] systemd[1]: Listening on udev Kernel Socket.
[[0;32m  OK  [0m] Listening on udev Kernel Socket.
[   13.841444] systemd[1]: Listening on LVM2 poll daemon socket.
[[0;32m  OK  [0m] Listening on LVM2 poll daemon socket.
[   13.868031] systemd[1]: Starting Load Kernel Modules...
         Starting Load Kernel Modules...
[   13.884477] systemd[1]: Listening on Journal Audit Socket.
[[0;32m  OK  [0m] Listening on Journal Audit Socket.
[   13.922671] systemd[1]: Starting Journal Service...
         Starting Journal Service...
[   13.935638] systemd[1]: Reached target Swap.
[[0;32m  OK  [0m] Reached target Swap.
[   13.948942] systemd[1]: Created slice User and Session Slice.
[[0;32m  OK  [0m] Created slice User and Session Slice.
[   13.983686] systemd[1]: Reached target Slices.
[[0;32m  OK  [0m] Reached target Slices.
[   14.010139] systemd[1]: Mounted Huge Pages File System.
[[0;32m  OK  [0m] Mounted Huge Pages File System.
[   14.029756] systemd[1]: Mounted POSIX Message Queue File System.
[[0;32m  OK  [0m] Mounted POSIX Message Queue File System.
[   14.050844] systemd[1]: Mounted Debug File System.
[[0;32m  OK  [0m] Mounted Debug File System.[   14.068114] Loading iSCSI transport class v2.0-870.

[   14.076908] systemd[1]: Started Remount Root and Kernel File Systems.
[[0;32m  OK  [0m] Started Remount Root and Kernel File Systems.
[   14.102248] systemd[1]: Started Create list of required static device nodes for the current kernel.
[[0;32m  OK  [0m] Started Create list of required sta...ce nodes for the current kernel.
[   14.131324] systemd[1]: Started Uncomplicated firewall.
[[0;32m  OK  [0m] Started Uncomplicated firewall.
[   14.189365] systemd[1]: Started Nameserver information manager.
[[0;32m  OK  [0m] Started Nameserver information manager.
[   14.343334] iscsi: registered transport (tcp)
[   14.539569] systemd[1]: Started Journal Service.
[[0;32m  OK  [0m] Started Journal Service.
[[0;32m  OK  [0m] Started LVM2 metadata daemon.
         Starting Create Static Device Nodes in /dev...
         Starting Load/Save Random Seed...
         Starting udev Coldplug all Devices...
         Starting Flush Journal to Persistent Storage...
[   14.870885] iscsi: registered transport (iser)
[[0;32m  OK  [0m] Started Set console keymap.
[[0;32m  OK  [0m] Started Load/Save Random Seed.
[[0;32m  OK  [0m] Started Load Kernel Modules.
[[0;32m  OK  [0m] Started Create Static Device Nodes in /dev.
[[0;32m  OK  [0m] Started Monitoring of LVM2 mirrors,...ng dmeventd or progress polling.
[   15.252319] systemd-journald[401]: Received request to flush runtime journal from PID 1
[[0;32m  OK  [0m] Started Flush Journal to Persistent Storage.
[[0;32m  OK  [0m] Started udev Coldplug all Devices.
         Starting udev Kernel Device Manager...
         Starting Apply Kernel Variables...
         Mounting FUSE Control File System...
[[0;32m  OK  [0m] Reached target Local File Systems (Pre).
[[0;32m  OK  [0m] Reached target Local File Systems.
         Starting Create Volatile Files and Directories...
         Starting Set console font and keymap...
         Starting LSB: AppArmor initialization...
         Starting Tell Plymouth To Write Out Runtime Data...
         Starting Initial cloud-init job (pre-networking)...
[[0;32m  OK  [0m] Mounted FUSE Control File System.
[[0;32m  OK  [0m] Started udev Kernel Device Manager.
[[0;32m  OK  [0m] Started Apply Kernel Variables.
[[0;32m  OK  [0m] Started Tell Plymouth To Write Out Runtime Data.
[[0;32m  OK  [0m] Started Create Volatile Files and Directories.
         Starting Update UTMP about System Boot/Shutdown...
[[0;32m  OK  [0m] Started Dispatch Password Requests to Console Directory Watch.
[[0;32m  OK  [0m] Started Update UTMP about System Boot/Shutdown.
[[0;32m  OK  [0m] Started LSB: AppArmor initialization.
[[0;32m  OK  [0m] Found device /dev/ttyS0.
[[0;32m  OK  [0m] Found device 82540EM Gigabit Ethern...r (PRO/1000 MT Desktop Adapter).
[[0;32m  OK  [0m] Found device 82540EM Gigabit Ethern...r (PRO/1000 MT Desktop Adapter).
[[0;32m  OK  [0m] Listening on Load/Save RF Kill Switch Status /dev/rfkill Watch.
[[0;32m  OK  [0m] Started Set console font and keymap.
[[0;32m  OK  [0m] Created slice system-getty.slice.
[   22.663647] cloud-init[496]: Cloud-init v. 18.4-0ubuntu1~16.04.2 running 'init-local' at Sun, 06 Jan 2019 10:18:35 +0000. Up 21.11 seconds.
[[0;32m  OK  [0m] Started Initial cloud-init job (pre-networking).
[[0;32m  OK  [0m] Reached target Network (Pre).
[[0;32m  OK  [0m] Started ifup for enp0s3.
[[0;32m  OK  [0m] Started ifup for enp0s8.
         Starting Raise network interfaces...
[[0;32m  OK  [0m] Started Raise network interfaces.
[[0;32m  OK  [0m] Reached target Network.
         Starting Initial cloud-init job (metadata service crawler)...
[   31.423886] cloud-init[1057]: Cloud-init v. 18.4-0ubuntu1~16.04.2 running 'init' at Sun, 06 Jan 2019 10:18:41 +0000. Up 27.28 seconds.
[   31.442414] cloud-init[1057]: ci-info: ++++++++++++++++++++++++++++++++++++++Net device info+++++++++++++++++++++++++++++++++++++++
[   31.465228] cloud-init[1057]: ci-info: +--------+------+-----------------------------+---------------+--------+-------------------+
[   31.480941] cloud-init[1057]: ci-info: | Device |  Up  |           Address           |      Mask     | Scope  |     Hw-Address    |
[   31.496538] cloud-init[1057]: ci-info: +--------+------+-----------------------------+---------------+--------+-------------------+
[   31.518669] cloud-init[1057]: ci-info: | enp0s3 | True |          10.0.2.15          | 255.255.255.0 | global | 02:9d:41:38:04:50 |
[   31.538288] cloud-init[1057]: ci-info: | enp0s3 | True |  fe80::9d:41ff:fe38:450/64  |       .       |  link  | 02:9d:41:38:04:50 |
[   31.563359] cloud-init[1057]: ci-info: | enp0s8 | True |        192.168.83.137       | 255.255.255.0 | global | 08:00:27:a7:73:94 |
[   31.575998] cloud-init[1057]: ci-info: | enp0s8 | True | fe80::a00:27ff:fea7:7394/64 |       .       |  link  | 08:00:27:a7:73:94 |
[   31.590130] cloud-init[1057]: ci-info: |   lo   | True |          127.0.0.1          |   255.0.0.0   |  host  |         .         |
[   31.613248] cloud-init[1057]: ci-info: |   lo   | True |           ::1/128           |       .       |  host  |         .         |
[   31.634235] cloud-init[1057]: ci-info: +--------+------+-----------------------------+---------------+--------+-------------------+
[   31.649939] cloud-init[1057]: ci-info: ++++++++++++++++++++++++++++Route IPv4 info++++++++++++++++++++++++++++
[   31.663141] cloud-init[1057]: ci-info: +-------+--------------+----------+---------------+-----------+-------+
[   31.682231] cloud-init[1057]: ci-info: | Route | Destination  | Gateway  |    Genmask    | Interface | Flags |
[   31.701153] cloud-init[1057]: ci-info: +-------+--------------+----------+---------------+-----------+-------+
[   31.709606] cloud-init[1057]: ci-info: |   0   |   0.0.0.0    | 10.0.2.2 |    0.0.0.0    |   enp0s3  |   UG  |
[   31.721413] cloud-init[1057]: ci-info: |   1   |   10.0.2.0   | 0.0.0.0  | 255.255.255.0 |   enp0s3  |   U   |
[   31.737501] cloud-init[1057]: ci-info: |   2   | 192.168.83.0 | 0.0.0.0  | 255.255.255.0 |   enp0s8  |   U   |
[   31.753357] cloud-init[1057]: ci-info: +-------+--------------+----------+---------------+-----------+-------+
[   31.771367] cloud-init[1057]: ci-info: +++++++++++++++++++Route IPv6 info+++++++++++++++++++
[   31.786195] cloud-init[1057]: ci-info: +-------+-------------+---------+-----------+-------+
[   31.799898] cloud-init[1057]: ci-info: | Route | Destination | Gateway | Interface | Flags |
[   31.814827] cloud-init[1057]: ci-info: +-------+-------------+---------+-----------+-------+
[[   31.836808] cloud-init[1057]: ci-info: |   0   |  fe80::/64  |    ::   |   enp0s8  |   U   |[0;32m  OK  [0m] Started Initial cloud-init job (metadata service crawler).

[   31.853331] cloud-init[1057]: ci-info: |   1   |  fe80::/64  |    ::   |   enp0s3  |   U   |
[[0;32m  OK  [0m] Reached target System Initialization.[   31.865791] cloud-init[1057]: ci-info: |   6   |   ff00::/8  |    ::   |   enp0s8  |   U   |
[   31.873537] cloud-init[1057]: ci-info: |   7   |   ff00::/8  |    ::   |   enp0s3  |   U   |
[   31.873776] cloud-init[1057]: ci-info: +-------+-------------+---------+-----------+-------+

         Starting LXD - unix socket.
[[0;32m  OK  [0m] Started ACPI Events Check.
[[0;32m  OK  [0m] Reached target Paths.
[[0;32m  OK  [0m] Listening on D-Bus System Message Bus Socket.
[[0;32m  OK  [0m] Listening on UUID daemon activation socket.
[[0;32m  OK  [0m] Listening on ACPID Listen Socket.
         Starting Socket activation for snappy daemon.
[[0;32m  OK  [0m] Started Daily apt download activities.
[[0;32m  OK  [0m] Started Daily apt upgrade and clean activities.
[[0;32m  OK  [0m] Started Daily Cleanup of Temporary Directories.
[[0;32m  OK  [0m] Reached target Timers.
[[0;32m  OK  [0m] Reached target Network is Online.
         Starting iSCSI initiator daemon (iscsid)...
[[0;32m  OK  [0m] Reached target Cloud-config availability.
[[0;32m  OK  [0m] Listening on LXD - unix socket.
[[0;32m  OK  [0m] Listening on Socket activation for snappy daemon.
[[0;32m  OK  [0m] Started iSCSI initiator daemon (iscsid).
         Starting Login to default iSCSI targets...
[[0;32m  OK  [0m] Reached target Sockets.
[[0;32m  OK  [0m] Reached target Basic System.
         Starting LSB: Record successful boot for GRUB...
[[0;32m  OK  [0m] Started ACPI event daemon.
[[0;32m  OK  [0m] Started Unattended Upgrades Shutdown.
         Starting System Logging Service...
         Starting Accounts Service...
         Starting /etc/rc.local Compatibility...
[[0;32m  OK  [0m] Started D-Bus System Message Bus.
         Starting LXD - container startup/shutdown...
[[0;32m  OK  [0m] Started Regular background program processing daemon.
         Starting LSB: MD monitoring daemon...
[[0;32m  OK  [0m] Started Deferred execution scheduler.
[[0;32m  OK  [0m] Started FUSE filesystem for LXC.
         Starting Login Service...
         Starting Snappy daemon...
         Starting Virtualbox guest utils...
         Starting OpenBSD Secure Shell server...
[[0;32m  OK  [0m] Started System Logging Service.
[[0;32m  OK  [0m] Started /etc/rc.local Compatibility.
[[0;32m  OK  [0m] Started Login to default iSCSI targets.
[[0;32m  OK  [0m] Started LXD - container startup/shutdown.
[[0;32m  OK  [0m] Started LSB: Record successful boot for GRUB.
[[0;32m  OK  [0m] Started Snappy daemon.
[[0;32m  OK  [0m] Started OpenBSD Secure Shell server.
[[0;32m  OK  [0m] Started LSB: MD monitoring daemon.
         Starting Authenticate and Authorize Users to Run Privileged Tasks...
         Starting Wait until snapd is fully seeded...
[[0;32m  OK  [0m] Reached target Remote File Systems (Pre).
[[0;32m  OK  [0m] Reached target Remote File Systems.
         Starting Permit User Sessions...
         Starting LSB: daemon to balance interrupts for SMP systems...
         Starting LSB: automatic crash report generation...
         Starting LSB: Start and stop the mysql database server daemon...
         Starting LSB: Apache2 web server...
         Starting LSB: Set the CPU Frequency Scaling governor to "ondemand"...
[[0;32m  OK  [0m] Started Permit User Sessions.
[[0;32m  OK  [0m] Started Login Service.
[[0;32m  OK  [0m] Started Authenticate and Authorize Users to Run Privileged Tasks.
[[0;32m  OK  [0m] Started Accounts Service.
[[0;32m  OK  [0m] Started Wait until snapd is fully seeded.
[[0;32m  OK  [0m] Started Virtualbox guest utils.
         Starting Apply the settings specified in cloud-config...
         Starting Hold until boot process finishes up...
         Starting Terminate Plymouth Boot Screen...
[[0;32m  OK  [0m] Started Hold until boot process finishes up.
[[0;32m  OK  [0m] Started Terminate Plymouth Boot Screen.
[[0;32m  OK  [0m] Started LSB: Set the CPU Frequency Scaling governor to "ondemand".
[[0;32m  OK  [0m] Started Serial Getty on ttyS0.
[[0;32m  OK  [0m] Started Getty on tty1.
[[0;32m  OK  [0m] Reached target Login Prompts.
         Starting Set console scheme...
[[0;32m  OK  [0m] Started LSB: daemon to balance interrupts for SMP systems.
[[0;32m  OK  [0m] Started LSB: automatic crash report generation.
[[0;32m  OK  [0m] Started Set console scheme.
[[0;32m  OK  [0m] Created slice User Slice of vagrant.
[[0;32m  OK  [0m] Started Session 1 of user vagrant.
         Starting User Manager for UID 1000...
[[0;32m  OK  [0m] Started User Manager for UID 1000.

Ubuntu 16.04.5 LTS kouosl ttyS0

kouosl login: [   60.356612] cloud-init[1295]: Cloud-init v. 18.4-0ubuntu1~16.04.2 running 'modules:config' at Sun, 06 Jan 2019 10:19:12 +0000. Up 57.69 seconds.
[   66.173283] cloud-init[1853]: Cloud-init v. 18.4-0ubuntu1~16.04.2 running 'modules:final' at Sun, 06 Jan 2019 10:19:19 +0000. Up 64.67 seconds.
[   66.192943] cloud-init[1853]: Cloud-init v. 18.4-0ubuntu1~16.04.2 finished at Sun, 06 Jan 2019 10:19:20 +0000. Datasource DataSourceNoCloud [seed=/dev/sdb][dsmode=net].  Up 66.10 seconds
